<?xml version="1.0" encoding="UTF-8"?>
<!-- Generated by org.testng.reporters.JUnitReportReporter -->
<testsuite skipped="0" hostname="Tushar" name="com.tutorial.demo.testsuite.DesktopTest" tests="2" failures="0" timestamp="2022-12-13T21:19:07 GMT" time="45.163" errors="0">
  <testcase name="verifyProductArrangeInAlphabeticalOrder" time="13.483" classname="com.tutorial.demo.testsuite.DesktopTest"/>
  <system-out/>
  <testcase name="verifyProductAddedToShoppingCartSuccessFully" time="31.680" classname="com.tutorial.demo.testsuite.DesktopTest"/>
  <system-out/>
</testsuite> <!-- com.tutorial.demo.testsuite.DesktopTest -->
