<?xml version="1.0" encoding="UTF-8"?>
<!-- Generated by org.testng.reporters.JUnitReportReporter -->
<testsuite skipped="0" hostname="Tushar" name="com.tutorial.demo.testsuite.HomePageTest" tests="3" failures="0" timestamp="2022-12-13T21:19:07 GMT" time="20.034" errors="0">
  <testcase name="verifyUserShouldNavigateToDesktopsPageSuccessfully" time="6.276" classname="com.tutorial.demo.testsuite.HomePageTest"/>
  <system-out/>
  <testcase name="verifyUserShouldNavigateToLaptopsAndNotebooksPageSuccessfully" time="6.314" classname="com.tutorial.demo.testsuite.HomePageTest"/>
  <system-out/>
  <testcase name="verifyUserShouldNavigateToComponentsPageSuccessfully" time="7.444" classname="com.tutorial.demo.testsuite.HomePageTest"/>
  <system-out/>
</testsuite> <!-- com.tutorial.demo.testsuite.HomePageTest -->
